


ARM Macro Assembler    Page 1 


    1 00000000         ;  File Name        : startup_PT32X03X.s
    2 00000000         ;  Version          : V1.00
    3 00000000         ;  Date             : 01/09/2022
    4 00000000         ;  Description      : Startup code.
    5 00000000         ;-------------------------------------------------------
                       ----------------------------------------------------*/
    6 00000000         ;/* <<< Use Configuration Wizard in Context Menu >>>    
                                                                           */
    7 00000000         
    8 00000000         ; Amount of memory (in bytes) allocated for Stack and He
                       ap
    9 00000000         ; Tailor those values to your application needs
   10 00000000         ;//   <o> Stack Size (in Bytes, must 8 byte aligned) <0-
                       16384:8>
   11 00000000 00000200 
                       Stack_Size
                               EQU              512
   12 00000000         
   13 00000000                 AREA             STACK, NOINIT, READWRITE, ALIGN
 = 3
   14 00000000         Stack_Mem
                               SPACE            Stack_Size
   15 00000200         __initial_sp
   16 00000200         
   17 00000200         ;//   <o>  Heap Size (in Bytes) <0-16384:8>
   18 00000200 00000000 
                       Heap_Size
                               EQU              0
   19 00000200         
   20 00000200                 AREA             HEAP, NOINIT, READWRITE, ALIGN 
= 3
   21 00000000         __heap_base
   22 00000000         Heap_Mem
                               SPACE            Heap_Size
   23 00000000         __heap_limit
   24 00000000         
   25 00000000                 PRESERVE8
   26 00000000                 THUMB
   27 00000000         
   28 00000000         ;*******************************************************
                       ************************
   29 00000000         ; Fill-up the Vector Table entries with the exceptions I
                       SR address
   30 00000000         ;*******************************************************
                       ************************
   31 00000000                 AREA             RESET, CODE, READONLY
   32 00000000                 EXPORT           __Vectors
   33 00000000         
   34 00000000 00000000 
                       __Vectors
                               DCD              __initial_sp ; Top address of S
                                                            tack
   35 00000004 00000000        DCD              Reset_Handler ; Reset Handler
   36 00000008 00000000        DCD              NMI_Handler ; NMI Handler
   37 0000000C 00000000        DCD              HardFault_Handler ; Hard Fault 
                                                            Handler
   38 00000010 00000000        DCD              0           ; Reserved
   39 00000014 00000000        DCD              0           ; Reserved
   40 00000018 00000000        DCD              0           ; Reserved



ARM Macro Assembler    Page 2 


   41 0000001C 00000000        DCD              0           ; Reserved
   42 00000020 00000000        DCD              0           ; Reserved
   43 00000024 00000000        DCD              0           ; Reserved
   44 00000028 00000000        DCD              0           ; Reserved      
   45 0000002C 00000000        DCD              SVC_Handler ; SVC Handler
   46 00000030 00000000        DCD              0           ; Reserved
   47 00000034 00000000        DCD              0           ; Reserved
   48 00000038 00000000        DCD              PendSV_Handler ; PendSV Handler
                                                            
   49 0000003C 00000000        DCD              SysTick_Handler 
                                                            ; SysTick Handler
   50 00000040         
   51 00000040         ; External Interrupt Handler
   52 00000040 00000000        DCD              0           ;  16+ 0:  Not Used
                                                              
   53 00000044 00000000        DCD              HSEFAIL_Handler ;  16+ 1:  HSEF
                                                            AIL_Handler
   54 00000048 00000000        DCD              0           ;  16+ 2:  Not Used
                                                            
   55 0000004C 00000000        DCD              IMMC_Handler ;  16+ 3:  IMMC_Ha
                                                            ndler
   56 00000050 00000000        DCD              0           ;  16+ 4:  Not Used
                                                            
   57 00000054 00000000        DCD              EXTIA_Handler ;  16+ 5:  EXTIA_
                                                            Handler
   58 00000058 00000000        DCD              EXTIB_Handler ;  16+ 6:  EXTIB_
                                                            Handler
   59 0000005C 00000000        DCD              EXTIC_Handler ;  16+ 7:  EXTIC_
                                                            Handler
   60 00000060 00000000        DCD              EXTID_Handler ;  16+ 8:  EXTID_
                                                            Handler
   61 00000064 00000000        DCD              0           ;  16+ 9:  Not Used
                                                            
   62 00000068 00000000        DCD              0           ;  16+ 10: Not Used
                                                            
   63 0000006C 00000000        DCD              0           ;  16+ 11: Not Used
                                                            
   64 00000070 00000000        DCD              ADC_Handler ;  16+ 12: ADC_Hand
                                                            ler
   65 00000074 00000000        DCD              TIM1_Handler ;  16+ 13: TIM1_Ha
                                                            ndler
   66 00000078 00000000        DCD              0           ;  16+ 14: Not Used
                                                            
   67 0000007C 00000000        DCD              TIM4_Handler ;  16+ 15: TIM4_Ha
                                                            ndler
   68 00000080 00000000        DCD              TIM3_Handler ;  16+ 16: TIM3_Ha
                                                            ndler
   69 00000084 00000000        DCD              TIM2_Handler ;  16+ 17: TIM2_Ha
                                                            ndler
   70 00000088 00000000        DCD              0           ;  16+ 18: Not Used
                                                            
   71 0000008C 00000000        DCD              0           ;  16+ 19: Not Used
                                                            
   72 00000090 00000000        DCD              PVD_Handler ;  16+ 20: PVD_Hand
                                                            ler
   73 00000094 00000000        DCD              0           ;  16+ 21: Not Used
                                                            
   74 00000098 00000000        DCD              0           ;  16+ 22: Not Used
                                                            



ARM Macro Assembler    Page 3 


   75 0000009C 00000000        DCD              I2C0_Handler ;  16+ 23: I2C0_Ha
                                                            ndler
   76 000000A0 00000000        DCD              0           ;  16+ 24: Not Used
                                                            
   77 000000A4 00000000        DCD              SPI0_Handler ;  16+ 25: SPI0_Ha
                                                            ndler
   78 000000A8 00000000        DCD              0           ;  16+ 26: Not Used
                                                              
   79 000000AC 00000000        DCD              UART0_Handler ;  16+ 27: UART0_
                                                            Handler     
   80 000000B0 00000000        DCD              UART1_Handler ;  16+ 28: UART1_
                                                            Handler
   81 000000B4 00000000        DCD              0           ;  16+ 29: Not Used
                                                             
   82 000000B8 00000000        DCD              0
   83 000000BC 00000000        DCD              0
   84 000000C0         
   85 000000C0         
   86 000000C0         ; Reset handler routine
   87 000000C0         Reset_Handler
                               PROC
   88 000000C0                 EXPORT           Reset_Handler                  
 [WEAK]
   89 000000C0                 IMPORT           __main
   90 000000C0                 IMPORT           SystemInit
   91 000000C0 4804            LDR              R0, =SystemInit
   92 000000C2 4780            BLX              R0
   93 000000C4 4804            LDR              R0, =__main
   94 000000C6 4700            BX               R0
   95 000000C8                 ENDP
   96 000000C8         
   97 000000C8         ; Dummy Exception Handlers
   98 000000C8         NMI_Handler
                               PROC
   99 000000C8                 EXPORT           NMI_Handler                    
 [WEAK]
  100 000000C8 E7FE            B                .
  101 000000CA                 ENDP
  102 000000CA         
  103 000000CA         HardFault_Handler
                               PROC
  104 000000CA                 EXPORT           HardFault_Handler              
 [WEAK]
  105 000000CA E7FE            B                .
  106 000000CC                 ENDP
  107 000000CC         
  108 000000CC         SVC_Handler
                               PROC
  109 000000CC                 EXPORT           SVC_Handler                    
 [WEAK]
  110 000000CC E7FE            B                .
  111 000000CE                 ENDP
  112 000000CE         
  113 000000CE         PendSV_Handler
                               PROC
  114 000000CE                 EXPORT           PendSV_Handler                 
 [WEAK]
  115 000000CE E7FE            B                .
  116 000000D0                 ENDP



ARM Macro Assembler    Page 4 


  117 000000D0         
  118 000000D0         SysTick_Handler
                               PROC
  119 000000D0                 EXPORT           SysTick_Handler                
 [WEAK]
  120 000000D0 E7FE            B                .
  121 000000D2                 ENDP
  122 000000D2         
  123 000000D2         
  124 000000D2         Default_Handler
                               PROC
  125 000000D2                 EXPORT           HSEFAIL_Handler                
 [WEAK]
  126 000000D2                 EXPORT           IMMC_Handler                   
 [WEAK]
  127 000000D2                 EXPORT           EXTIA_Handler                  
 [WEAK]
  128 000000D2                 EXPORT           EXTIB_Handler                  
 [WEAK]
  129 000000D2                 EXPORT           EXTIC_Handler                  
 [WEAK]
  130 000000D2                 EXPORT           EXTID_Handler                  
 [WEAK]
  131 000000D2                 EXPORT           ADC_Handler                    
 [WEAK]
  132 000000D2                 EXPORT           TIM1_Handler                   
 [WEAK]
  133 000000D2                 EXPORT           TIM4_Handler                   
 [WEAK]
  134 000000D2                 EXPORT           TIM3_Handler                   
 [WEAK]
  135 000000D2                 EXPORT           TIM2_Handler                   
 [WEAK]
  136 000000D2                 EXPORT           PVD_Handler                    
 [WEAK]
  137 000000D2                 EXPORT           I2C0_Handler                   
 [WEAK]
  138 000000D2                 EXPORT           SPI0_Handler                   
 [WEAK]
  139 000000D2                 EXPORT           UART0_Handler                  
 [WEAK]
  140 000000D2                 EXPORT           UART1_Handler                  
 [WEAK]
  141 000000D2         
  142 000000D2         
  143 000000D2         
  144 000000D2         HSEFAIL_Handler
  145 000000D2         IMMC_Handler
  146 000000D2         EXTIA_Handler
  147 000000D2         EXTIB_Handler
  148 000000D2         EXTIC_Handler
  149 000000D2         EXTID_Handler
  150 000000D2         ADC_Handler
  151 000000D2         TIM1_Handler
  152 000000D2         TIM4_Handler
  153 000000D2         TIM3_Handler
  154 000000D2         TIM2_Handler
  155 000000D2         PVD_Handler
  156 000000D2         I2C0_Handler



ARM Macro Assembler    Page 5 


  157 000000D2         SPI0_Handler
  158 000000D2         UART0_Handler
  159 000000D2         UART1_Handler
  160 000000D2         
  161 000000D2         
  162 000000D2         
  163 000000D2 E7FE            B                .
  164 000000D4                 ENDP
  165 000000D4         
  166 000000D4                 ALIGN
  167 000000D4         
  168 000000D4         ;*******************************************************
                       ************************
  169 000000D4         ; User Stack and Heap initialization
  170 000000D4         ;*******************************************************
                       ************************
  171 000000D4                 IF               :DEF:__MICROLIB
  172 000000D4         
  173 000000D4                 EXPORT           __initial_sp
  174 000000D4                 EXPORT           __heap_base
  175 000000D4                 EXPORT           __heap_limit
  176 000000D4         
  177 000000D4                 ELSE
  191                          ENDIF
  192 000000D4         
  193 000000D4                 END
              00000000 
              00000000 
Command Line: --debug --xref --diag_suppress=9931,A1950W --cpu=Cortex-M0 --depe
nd=.\out\startup_pt32y003x.d -o.\out\startup_pt32y003x.o -I.\RTE\_Porject -ID:\
keil5\ARM\pack\ARM\CMSIS\6.1.0\CMSIS\Core\Include --predefine="__MICROLIB SETA 
1" --predefine="__UVISION_VERSION SETA 540" --predefine="_RTE_ SETA 1" --list=.
\list\startup_pt32y003x.lst ..\Libraries\SYSTEM\startup_PT32Y003x.s



ARM Macro Assembler    Page 1 Alphabetic symbol ordering
Relocatable symbols

STACK 00000000

Symbol: STACK
   Definitions
      At line 13 in file ..\Libraries\SYSTEM\startup_PT32Y003x.s
   Uses
      None
Comment: STACK unused
Stack_Mem 00000000

Symbol: Stack_Mem
   Definitions
      At line 14 in file ..\Libraries\SYSTEM\startup_PT32Y003x.s
   Uses
      None
Comment: Stack_Mem unused
__initial_sp 00000200

Symbol: __initial_sp
   Definitions
      At line 15 in file ..\Libraries\SYSTEM\startup_PT32Y003x.s
   Uses
      At line 34 in file ..\Libraries\SYSTEM\startup_PT32Y003x.s
      At line 173 in file ..\Libraries\SYSTEM\startup_PT32Y003x.s

3 symbols



ARM Macro Assembler    Page 1 Alphabetic symbol ordering
Relocatable symbols

HEAP 00000000

Symbol: HEAP
   Definitions
      At line 20 in file ..\Libraries\SYSTEM\startup_PT32Y003x.s
   Uses
      None
Comment: HEAP unused
Heap_Mem 00000000

Symbol: Heap_Mem
   Definitions
      At line 22 in file ..\Libraries\SYSTEM\startup_PT32Y003x.s
   Uses
      None
Comment: Heap_Mem unused
__heap_base 00000000

Symbol: __heap_base
   Definitions
      At line 21 in file ..\Libraries\SYSTEM\startup_PT32Y003x.s
   Uses
      At line 174 in file ..\Libraries\SYSTEM\startup_PT32Y003x.s
Comment: __heap_base used once
__heap_limit 00000000

Symbol: __heap_limit
   Definitions
      At line 23 in file ..\Libraries\SYSTEM\startup_PT32Y003x.s
   Uses
      At line 175 in file ..\Libraries\SYSTEM\startup_PT32Y003x.s
Comment: __heap_limit used once
4 symbols



ARM Macro Assembler    Page 1 Alphabetic symbol ordering
Relocatable symbols

ADC_Handler 000000D2

Symbol: ADC_Handler
   Definitions
      At line 150 in file ..\Libraries\SYSTEM\startup_PT32Y003x.s
   Uses
      At line 64 in file ..\Libraries\SYSTEM\startup_PT32Y003x.s
      At line 131 in file ..\Libraries\SYSTEM\startup_PT32Y003x.s

Default_Handler 000000D2

Symbol: Default_Handler
   Definitions
      At line 124 in file ..\Libraries\SYSTEM\startup_PT32Y003x.s
   Uses
      None
Comment: Default_Handler unused
EXTIA_Handler 000000D2

Symbol: EXTIA_Handler
   Definitions
      At line 146 in file ..\Libraries\SYSTEM\startup_PT32Y003x.s
   Uses
      At line 57 in file ..\Libraries\SYSTEM\startup_PT32Y003x.s
      At line 127 in file ..\Libraries\SYSTEM\startup_PT32Y003x.s

EXTIB_Handler 000000D2

Symbol: EXTIB_Handler
   Definitions
      At line 147 in file ..\Libraries\SYSTEM\startup_PT32Y003x.s
   Uses
      At line 58 in file ..\Libraries\SYSTEM\startup_PT32Y003x.s
      At line 128 in file ..\Libraries\SYSTEM\startup_PT32Y003x.s

EXTIC_Handler 000000D2

Symbol: EXTIC_Handler
   Definitions
      At line 148 in file ..\Libraries\SYSTEM\startup_PT32Y003x.s
   Uses
      At line 59 in file ..\Libraries\SYSTEM\startup_PT32Y003x.s
      At line 129 in file ..\Libraries\SYSTEM\startup_PT32Y003x.s

EXTID_Handler 000000D2

Symbol: EXTID_Handler
   Definitions
      At line 149 in file ..\Libraries\SYSTEM\startup_PT32Y003x.s
   Uses
      At line 60 in file ..\Libraries\SYSTEM\startup_PT32Y003x.s
      At line 130 in file ..\Libraries\SYSTEM\startup_PT32Y003x.s

HSEFAIL_Handler 000000D2

Symbol: HSEFAIL_Handler
   Definitions
      At line 144 in file ..\Libraries\SYSTEM\startup_PT32Y003x.s
   Uses



ARM Macro Assembler    Page 2 Alphabetic symbol ordering
Relocatable symbols

      At line 53 in file ..\Libraries\SYSTEM\startup_PT32Y003x.s
      At line 125 in file ..\Libraries\SYSTEM\startup_PT32Y003x.s

HardFault_Handler 000000CA

Symbol: HardFault_Handler
   Definitions
      At line 103 in file ..\Libraries\SYSTEM\startup_PT32Y003x.s
   Uses
      At line 37 in file ..\Libraries\SYSTEM\startup_PT32Y003x.s
      At line 104 in file ..\Libraries\SYSTEM\startup_PT32Y003x.s

I2C0_Handler 000000D2

Symbol: I2C0_Handler
   Definitions
      At line 156 in file ..\Libraries\SYSTEM\startup_PT32Y003x.s
   Uses
      At line 75 in file ..\Libraries\SYSTEM\startup_PT32Y003x.s
      At line 137 in file ..\Libraries\SYSTEM\startup_PT32Y003x.s

IMMC_Handler 000000D2

Symbol: IMMC_Handler
   Definitions
      At line 145 in file ..\Libraries\SYSTEM\startup_PT32Y003x.s
   Uses
      At line 55 in file ..\Libraries\SYSTEM\startup_PT32Y003x.s
      At line 126 in file ..\Libraries\SYSTEM\startup_PT32Y003x.s

NMI_Handler 000000C8

Symbol: NMI_Handler
   Definitions
      At line 98 in file ..\Libraries\SYSTEM\startup_PT32Y003x.s
   Uses
      At line 36 in file ..\Libraries\SYSTEM\startup_PT32Y003x.s
      At line 99 in file ..\Libraries\SYSTEM\startup_PT32Y003x.s

PVD_Handler 000000D2

Symbol: PVD_Handler
   Definitions
      At line 155 in file ..\Libraries\SYSTEM\startup_PT32Y003x.s
   Uses
      At line 72 in file ..\Libraries\SYSTEM\startup_PT32Y003x.s
      At line 136 in file ..\Libraries\SYSTEM\startup_PT32Y003x.s

PendSV_Handler 000000CE

Symbol: PendSV_Handler
   Definitions
      At line 113 in file ..\Libraries\SYSTEM\startup_PT32Y003x.s
   Uses
      At line 48 in file ..\Libraries\SYSTEM\startup_PT32Y003x.s
      At line 114 in file ..\Libraries\SYSTEM\startup_PT32Y003x.s

RESET 00000000




ARM Macro Assembler    Page 3 Alphabetic symbol ordering
Relocatable symbols

Symbol: RESET
   Definitions
      At line 31 in file ..\Libraries\SYSTEM\startup_PT32Y003x.s
   Uses
      None
Comment: RESET unused
Reset_Handler 000000C0

Symbol: Reset_Handler
   Definitions
      At line 87 in file ..\Libraries\SYSTEM\startup_PT32Y003x.s
   Uses
      At line 35 in file ..\Libraries\SYSTEM\startup_PT32Y003x.s
      At line 88 in file ..\Libraries\SYSTEM\startup_PT32Y003x.s

SPI0_Handler 000000D2

Symbol: SPI0_Handler
   Definitions
      At line 157 in file ..\Libraries\SYSTEM\startup_PT32Y003x.s
   Uses
      At line 77 in file ..\Libraries\SYSTEM\startup_PT32Y003x.s
      At line 138 in file ..\Libraries\SYSTEM\startup_PT32Y003x.s

SVC_Handler 000000CC

Symbol: SVC_Handler
   Definitions
      At line 108 in file ..\Libraries\SYSTEM\startup_PT32Y003x.s
   Uses
      At line 45 in file ..\Libraries\SYSTEM\startup_PT32Y003x.s
      At line 109 in file ..\Libraries\SYSTEM\startup_PT32Y003x.s

SysTick_Handler 000000D0

Symbol: SysTick_Handler
   Definitions
      At line 118 in file ..\Libraries\SYSTEM\startup_PT32Y003x.s
   Uses
      At line 49 in file ..\Libraries\SYSTEM\startup_PT32Y003x.s
      At line 119 in file ..\Libraries\SYSTEM\startup_PT32Y003x.s

TIM1_Handler 000000D2

Symbol: TIM1_Handler
   Definitions
      At line 151 in file ..\Libraries\SYSTEM\startup_PT32Y003x.s
   Uses
      At line 65 in file ..\Libraries\SYSTEM\startup_PT32Y003x.s
      At line 132 in file ..\Libraries\SYSTEM\startup_PT32Y003x.s

TIM2_Handler 000000D2

Symbol: TIM2_Handler
   Definitions
      At line 154 in file ..\Libraries\SYSTEM\startup_PT32Y003x.s
   Uses
      At line 69 in file ..\Libraries\SYSTEM\startup_PT32Y003x.s
      At line 135 in file ..\Libraries\SYSTEM\startup_PT32Y003x.s



ARM Macro Assembler    Page 4 Alphabetic symbol ordering
Relocatable symbols


TIM3_Handler 000000D2

Symbol: TIM3_Handler
   Definitions
      At line 153 in file ..\Libraries\SYSTEM\startup_PT32Y003x.s
   Uses
      At line 68 in file ..\Libraries\SYSTEM\startup_PT32Y003x.s
      At line 134 in file ..\Libraries\SYSTEM\startup_PT32Y003x.s

TIM4_Handler 000000D2

Symbol: TIM4_Handler
   Definitions
      At line 152 in file ..\Libraries\SYSTEM\startup_PT32Y003x.s
   Uses
      At line 67 in file ..\Libraries\SYSTEM\startup_PT32Y003x.s
      At line 133 in file ..\Libraries\SYSTEM\startup_PT32Y003x.s

UART0_Handler 000000D2

Symbol: UART0_Handler
   Definitions
      At line 158 in file ..\Libraries\SYSTEM\startup_PT32Y003x.s
   Uses
      At line 79 in file ..\Libraries\SYSTEM\startup_PT32Y003x.s
      At line 139 in file ..\Libraries\SYSTEM\startup_PT32Y003x.s

UART1_Handler 000000D2

Symbol: UART1_Handler
   Definitions
      At line 159 in file ..\Libraries\SYSTEM\startup_PT32Y003x.s
   Uses
      At line 80 in file ..\Libraries\SYSTEM\startup_PT32Y003x.s
      At line 140 in file ..\Libraries\SYSTEM\startup_PT32Y003x.s

__Vectors 00000000

Symbol: __Vectors
   Definitions
      At line 34 in file ..\Libraries\SYSTEM\startup_PT32Y003x.s
   Uses
      At line 32 in file ..\Libraries\SYSTEM\startup_PT32Y003x.s
Comment: __Vectors used once
25 symbols



ARM Macro Assembler    Page 1 Alphabetic symbol ordering
Absolute symbols

Heap_Size 00000000

Symbol: Heap_Size
   Definitions
      At line 18 in file ..\Libraries\SYSTEM\startup_PT32Y003x.s
   Uses
      At line 22 in file ..\Libraries\SYSTEM\startup_PT32Y003x.s
Comment: Heap_Size used once
Stack_Size 00000200

Symbol: Stack_Size
   Definitions
      At line 11 in file ..\Libraries\SYSTEM\startup_PT32Y003x.s
   Uses
      At line 14 in file ..\Libraries\SYSTEM\startup_PT32Y003x.s
Comment: Stack_Size used once
2 symbols



ARM Macro Assembler    Page 1 Alphabetic symbol ordering
External symbols

SystemInit 00000000

Symbol: SystemInit
   Definitions
      At line 90 in file ..\Libraries\SYSTEM\startup_PT32Y003x.s
   Uses
      At line 91 in file ..\Libraries\SYSTEM\startup_PT32Y003x.s
Comment: SystemInit used once
__main 00000000

Symbol: __main
   Definitions
      At line 89 in file ..\Libraries\SYSTEM\startup_PT32Y003x.s
   Uses
      At line 93 in file ..\Libraries\SYSTEM\startup_PT32Y003x.s
Comment: __main used once
2 symbols
371 symbols in table
